2025-04-07 01:39:54 [main] INFO  LandingPage:28 - Clicking on Login button
2025-04-07 01:39:54 [main] INFO  LandingPage:36 - Successfully navigated to Login page: https://www.embark.org/login
2025-04-07 01:39:54 [main] INFO  LoginTest:65 - Clicking on Login button
2025-04-07 01:39:54 [main] INFO  LoginTest:67 - Starting login test
2025-04-07 01:39:55 [main] INFO  LoginTest:69 - Logging in with email and password
2025-04-07 01:39:57 [main] INFO  LoginTest:78 - Starting Host and Adventure test
2025-04-07 01:39:57 [main] INFO  HomePage:24 - Clicking on Host an Adventure link
2025-04-07 01:39:58 [main] INFO  LoginTest:81 - Clicking on Host an Adventure
2025-04-07 01:39:58 [main] INFO  LoginTest:84 - Starting Host and Adventure test
2025-04-07 01:39:58 [main] INFO  HostAndAdventurePage:31 - Host an Adventure header is displayed
2025-04-07 01:40:00 [main] INFO  HostAndAdventurePage:38 - Category is selected
2025-04-07 01:40:03 [main] INFO  HostAndAdventurePage:42 - Difficulty is selected
2025-04-07 01:40:09 [main] INFO  HostAndAdventurePage:46 - City is selected
2025-04-07 01:40:12 [main] INFO  HostAndAdventurePage:50 - Clicking on Next button
2025-04-07 01:40:13 [main] INFO  HostAndAdventurePage:57 - Minimum group size error is displayed
2025-04-07 01:40:13 [main] INFO  HostAndAdventurePage:59 - Minimum group size error is displayed
2025-04-07 01:40:14 [main] INFO  HostAndAdventurePage:65 - Minimum group size is entered
2025-04-07 01:40:14 [main] INFO  HostAndAdventurePage:70 - Maximum group size is entered
2025-04-07 01:40:14 [main] INFO  HostAndAdventurePage:72 - Clicking on Next button
2025-04-07 01:40:14 [main] INFO  LoginTest:88 - Starting Host and Adventure test
2025-04-07 01:40:19 [main] INFO  HostAndAdventurePageDetails:52 - Difficulty is selected
2025-04-07 01:40:20 [main] INFO  HostAndAdventurePageDetails:57 - Summary is entered
2025-04-07 01:40:20 [main] INFO  HostAndAdventurePageDetails:62 - Included is entered
2025-04-07 01:40:20 [main] INFO  HostAndAdventurePageDetails:67 - Not included is entered
2025-04-07 01:40:20 [main] INFO  HostAndAdventurePageDetails:71 - Clicking on Save button
2025-04-07 01:40:26 [main] INFO  HostAndAdventurePageDetails:76 - City is selected
2025-04-07 01:40:26 [main] INFO  HostAndAdventurePageDetails:80 - Clicking on Save button
2025-04-07 01:40:27 [main] INFO  HostAndAdventurePageDetails:86 - Clicking on Save button
2025-04-07 01:40:31 [main] INFO  HostAndAdventurePageDetails:92 - Duration is entered
2025-04-07 01:40:33 [main] INFO  HostAndAdventurePageDetails:97 - Days and Time is selected
2025-04-07 01:40:33 [main] INFO  HostAndAdventurePageDetails:117 - Price is entered
2025-04-07 01:40:35 [main] INFO  HostAndAdventurePageDetails:122 - City is selected
2025-04-07 01:40:37 [main] INFO  HostAndAdventurePageDetails:127 - Group is selected
2025-04-07 01:40:38 [main] INFO  HostAndAdventurePageDetails:148 - Clicking on Save button
2025-04-07 01:40:43 [main] INFO  HostAndAdventurePageDetails:154 - City is selected
2025-04-07 01:40:44 [main] INFO  HostAndAdventurePageDetails:159 - Itinerary is entered
2025-04-07 01:40:44 [main] INFO  HostAndAdventurePageDetails:163 - Clicking on Save button
2025-04-07 01:40:52 [main] INFO  HostAndAdventurePageDetails:169 - Clicking on View Tour button
2025-04-07 01:40:57 [main] INFO  CommanHelper:136 - Switched to window at index: 1 | URL: https://www.embark.org/tours/summar-fun-18
2025-04-07 01:40:57 [main] INFO  HostAndAdventurePageDetails:173 - Switching to new window
2025-04-07 01:40:57 [main] INFO  CommanHelper:136 - Switched to window at index: 0 | URL: https://www.embark.org/tours/edit/7085/itinerary
2025-04-07 01:40:57 [main] INFO  HomePage:39 - Clicking on Logo link
2025-04-07 01:40:57 [main] INFO  HomePage:30 - Clicking on UserName link
2025-04-07 01:40:57 [main] INFO  HomePage:33 - Clicking on Logout link
